2020-04-22 18:03:55.793 INFO  352  [ main ] o.horoyoii.loadbalance.LoadBalancer - read configuration...
2020-04-22 18:03:55.801 ERROR 360  [ main ] o.horoyoii.loadbalance.LoadBalancer - java.lang.ClassNotFoundException: RoundRobin
2020-04-22 18:03:55.801 INFO  360  [ main ] o.horoyoii.loadbalance.LoadBalancer - running on PORT         : [9901]
2020-04-22 18:03:55.802 INFO  361  [ main ] o.h.distribution.ServerDistributor - backend server list : 
2020-04-22 18:03:55.803 INFO  362  [ main ] o.h.distribution.ServerDistributor - ------------------------------------------------
2020-04-22 18:03:55.803 INFO  362  [ main ] o.h.distribution.ServerDistributor - name          IP              PORT      WEIGHT
2020-04-22 18:03:55.803 INFO  362  [ main ] o.h.distribution.ServerDistributor - ------------------------------------------------
2020-04-22 18:05:49.498 INFO  266  [ main ] o.horoyoii.loadbalance.LoadBalancer - read configuration...
2020-04-22 18:05:49.504 ERROR 272  [ main ] o.horoyoii.loadbalance.LoadBalancer - java.lang.ClassNotFoundException: org.horoyoii.serverSelec.RoundRobin
2020-04-22 18:05:49.504 INFO  272  [ main ] o.horoyoii.loadbalance.LoadBalancer - running on PORT         : [9901]
2020-04-22 18:05:49.506 INFO  274  [ main ] o.h.distribution.ServerDistributor - backend server list : 
2020-04-22 18:05:49.507 INFO  275  [ main ] o.h.distribution.ServerDistributor - ------------------------------------------------
2020-04-22 18:05:49.507 INFO  275  [ main ] o.h.distribution.ServerDistributor - name          IP              PORT      WEIGHT
2020-04-22 18:05:49.507 INFO  275  [ main ] o.h.distribution.ServerDistributor - ------------------------------------------------
2020-04-22 18:06:11.738 INFO  266  [ main ] o.horoyoii.loadbalance.LoadBalancer - read configuration...
2020-04-22 18:06:11.743 INFO  271  [ main ] o.horoyoii.loadbalance.LoadBalancer - running on PORT         : [9901]
2020-04-22 18:06:11.745 INFO  273  [ main ] o.h.distribution.ServerDistributor - backend server list : 
2020-04-22 18:06:11.745 INFO  273  [ main ] o.h.distribution.ServerDistributor - ------------------------------------------------
2020-04-22 18:06:11.745 INFO  273  [ main ] o.h.distribution.ServerDistributor - name          IP              PORT      WEIGHT
2020-04-22 18:06:11.745 INFO  273  [ main ] o.h.distribution.ServerDistributor - web1          127.0.0.1      8002        1
2020-04-22 18:06:11.746 INFO  274  [ main ] o.h.distribution.ServerDistributor - web2          127.0.0.1      8003        1
2020-04-22 18:06:11.746 INFO  274  [ main ] o.h.distribution.ServerDistributor - web3          127.0.0.1      8004        1
2020-04-22 18:06:11.746 INFO  274  [ main ] o.h.distribution.ServerDistributor - web4          127.0.0.1      8005        1
2020-04-22 18:06:11.746 INFO  274  [ main ] o.h.distribution.ServerDistributor - ------------------------------------------------
